<?xml version="1.0" encoding="UTF-8"?>
<testng-results ignored="0" total="2" passed="2" failed="0" skipped="0">
  <reporter-output>
  </reporter-output>
  <suite started-at="2024-03-20T10:24:37 IST" name="Default Suite" finished-at="2024-03-20T10:24:49 IST" duration-ms="11429">
    <groups>
    </groups>
    <test started-at="2024-03-20T10:24:37 IST" name="JobbyAppTest3" finished-at="2024-03-20T10:24:49 IST" duration-ms="11429">
      <class name="HomePageTest">
        <test-method is-config="true" signature="setUp()[pri:0, instance:HomePageTest@687e99d8]" started-at="2024-03-20T10:24:37 IST" name="setUp" finished-at="2024-03-20T10:24:41 IST" duration-ms="3571" status="PASS">
          <reporter-output>
          </reporter-output>
        </test-method> <!-- setUp -->
        <test-method signature="testHomepageHeading()[pri:1, instance:HomePageTest@687e99d8]" started-at="2024-03-20T10:24:41 IST" name="testHomepageHeading" finished-at="2024-03-20T10:24:43 IST" duration-ms="1844" status="PASS">
          <reporter-output>
          </reporter-output>
        </test-method> <!-- testHomepageHeading -->
        <test-method is-config="true" signature="tearDown()[pri:0, instance:HomePageTest@687e99d8]" started-at="2024-03-20T10:24:43 IST" name="tearDown" finished-at="2024-03-20T10:24:43 IST" duration-ms="715" status="PASS">
          <reporter-output>
          </reporter-output>
        </test-method> <!-- tearDown -->
        <test-method is-config="true" signature="setUp()[pri:0, instance:HomePageTest@687e99d8]" started-at="2024-03-20T10:24:43 IST" name="setUp" finished-at="2024-03-20T10:24:46 IST" duration-ms="2472" status="PASS">
          <reporter-output>
          </reporter-output>
        </test-method> <!-- setUp -->
        <test-method signature="testLogoutFunctionality()[pri:2, instance:HomePageTest@687e99d8]" started-at="2024-03-20T10:24:46 IST" name="testLogoutFunctionality" finished-at="2024-03-20T10:24:48 IST" duration-ms="1943" status="PASS">
          <reporter-output>
          </reporter-output>
        </test-method> <!-- testLogoutFunctionality -->
        <test-method is-config="true" signature="tearDown()[pri:0, instance:HomePageTest@687e99d8]" started-at="2024-03-20T10:24:48 IST" name="tearDown" finished-at="2024-03-20T10:24:49 IST" duration-ms="779" status="PASS">
          <reporter-output>
          </reporter-output>
        </test-method> <!-- tearDown -->
      </class> <!-- HomePageTest -->
    </test> <!-- JobbyAppTest3 -->
  </suite> <!-- Default Suite -->
</testng-results>
